{"/Users/mikka/Documents/Mariia/kanban-task-manager/backend/src/packages/board/board.controller.ts": {"path":"/Users/mikka/Documents/Mariia/kanban-task-manager/backend/src/packages/board/board.controller.ts","statementMap":{"0":{"start":{"line":1,"column":0},"end":{"line":1,"column":null}},"1":{"start":{"line":12,"column":0},"end":{"line":12,"column":47}},"2":{"start":{"line":20,"column":0},"end":{"line":20,"column":78}},"3":{"start":{"line":21,"column":0},"end":{"line":21,"column":63}},"4":{"start":{"line":22,"column":0},"end":{"line":22,"column":null}},"5":{"start":{"line":28,"column":0},"end":{"line":87,"column":null}},"6":{"start":{"line":30,"column":31},"end":{"line":30,"column":45}},"7":{"start":{"line":34,"column":4},"end":{"line":34,"column":42}},"8":{"start":{"line":46,"column":4},"end":{"line":46,"column":47}},"9":{"start":{"line":54,"column":4},"end":{"line":56,"column":7}},"10":{"start":{"line":70,"column":4},"end":{"line":73,"column":7}},"11":{"start":{"line":85,"column":4},"end":{"line":85,"column":49}},"12":{"start":{"line":33,"column":8},"end":{"line":35,"column":null}},"13":{"start":{"line":38,"column":8},"end":{"line":47,"column":null}},"14":{"start":{"line":50,"column":8},"end":{"line":57,"column":null}},"15":{"start":{"line":60,"column":8},"end":{"line":74,"column":null}},"16":{"start":{"line":77,"column":8},"end":{"line":86,"column":null}},"17":{"start":{"line":29,"column":6},"end":{"line":87,"column":null}},"18":{"start":{"line":89,"column":9},"end":{"line":89,"column":24}}},"fnMap":{"0":{"name":"(anonymous_4)","decl":{"start":{"line":30,"column":2},"end":{"line":30,"column":31}},"loc":{"start":{"line":30,"column":57},"end":{"line":30,"column":61}}},"1":{"name":"(anonymous_5)","decl":{"start":{"line":33,"column":2},"end":{"line":33,"column":7}},"loc":{"start":{"line":33,"column":17},"end":{"line":35,"column":3}}},"2":{"name":"(anonymous_6)","decl":{"start":{"line":38,"column":2},"end":{"line":38,"column":7}},"loc":{"start":{"line":44,"column":14},"end":{"line":47,"column":3}}},"3":{"name":"(anonymous_7)","decl":{"start":{"line":50,"column":2},"end":{"line":50,"column":7}},"loc":{"start":{"line":52,"column":35},"end":{"line":57,"column":3}}},"4":{"name":"(anonymous_8)","decl":{"start":{"line":60,"column":2},"end":{"line":60,"column":7}},"loc":{"start":{"line":68,"column":35},"end":{"line":74,"column":3}}},"5":{"name":"(anonymous_9)","decl":{"start":{"line":77,"column":2},"end":{"line":77,"column":7}},"loc":{"start":{"line":83,"column":14},"end":{"line":86,"column":3}}}},"branchMap":{},"s":{"0":1,"1":1,"2":1,"3":1,"4":1,"5":1,"6":1,"7":1,"8":2,"9":1,"10":1,"11":1,"12":1,"13":1,"14":1,"15":1,"16":1,"17":1,"18":1},"f":{"0":1,"1":1,"2":2,"3":1,"4":1,"5":1},"b":{}}
,"/Users/mikka/Documents/Mariia/kanban-task-manager/backend/src/packages/board/board.module.ts": {"path":"/Users/mikka/Documents/Mariia/kanban-task-manager/backend/src/packages/board/board.module.ts","statementMap":{"0":{"start":{"line":1,"column":0},"end":{"line":1,"column":48}},"1":{"start":{"line":3,"column":0},"end":{"line":3,"column":55}},"2":{"start":{"line":4,"column":0},"end":{"line":4,"column":53}},"3":{"start":{"line":5,"column":0},"end":{"line":5,"column":53}},"4":{"start":{"line":6,"column":0},"end":{"line":6,"column":47}},"5":{"start":{"line":14,"column":0},"end":{"line":14,"column":null}},"6":{"start":{"line":14,"column":13},"end":{"line":14,"column":null}},"7":{"start":{"line":14,"column":13},"end":{"line":14,"column":24}}},"fnMap":{},"branchMap":{},"s":{"0":1,"1":1,"2":1,"3":1,"4":1,"5":1,"6":1,"7":1},"f":{},"b":{}}
,"/Users/mikka/Documents/Mariia/kanban-task-manager/backend/src/packages/board/board.repository.ts": {"path":"/Users/mikka/Documents/Mariia/kanban-task-manager/backend/src/packages/board/board.repository.ts","statementMap":{"0":{"start":{"line":1,"column":0},"end":{"line":1,"column":44}},"1":{"start":{"line":4,"column":0},"end":{"line":4,"column":57}},"2":{"start":{"line":6,"column":0},"end":{"line":57,"column":null}},"3":{"start":{"line":8,"column":22},"end":{"line":8,"column":30}},"4":{"start":{"line":13,"column":4},"end":{"line":15,"column":7}},"5":{"start":{"line":25,"column":51},"end":{"line":25,"column":61}},"6":{"start":{"line":26,"column":4},"end":{"line":32,"column":7}},"7":{"start":{"line":36,"column":4},"end":{"line":38,"column":7}},"8":{"start":{"line":45,"column":28},"end":{"line":45,"column":38}},"9":{"start":{"line":46,"column":4},"end":{"line":49,"column":7}},"10":{"start":{"line":53,"column":4},"end":{"line":55,"column":7}},"11":{"start":{"line":7,"column":6},"end":{"line":57,"column":null}},"12":{"start":{"line":59,"column":9},"end":{"line":59,"column":24}}},"fnMap":{"0":{"name":"(anonymous_2)","decl":{"start":{"line":8,"column":2},"end":{"line":8,"column":22}},"loc":{"start":{"line":8,"column":43},"end":{"line":8,"column":47}}},"1":{"name":"(anonymous_3)","decl":{"start":{"line":10,"column":2},"end":{"line":10,"column":7}},"loc":{"start":{"line":11,"column":55},"end":{"line":16,"column":3}}},"2":{"name":"(anonymous_4)","decl":{"start":{"line":18,"column":2},"end":{"line":18,"column":7}},"loc":{"start":{"line":24,"column":3},"end":{"line":33,"column":3}}},"3":{"name":"(anonymous_5)","decl":{"start":{"line":35,"column":2},"end":{"line":35,"column":7}},"loc":{"start":{"line":35,"column":49},"end":{"line":39,"column":3}}},"4":{"name":"(anonymous_6)","decl":{"start":{"line":41,"column":2},"end":{"line":41,"column":7}},"loc":{"start":{"line":44,"column":3},"end":{"line":50,"column":3}}},"5":{"name":"(anonymous_7)","decl":{"start":{"line":52,"column":2},"end":{"line":52,"column":7}},"loc":{"start":{"line":52,"column":55},"end":{"line":56,"column":3}}}},"branchMap":{},"s":{"0":1,"1":1,"2":1,"3":1,"4":2,"5":1,"6":1,"7":1,"8":1,"9":1,"10":1,"11":1,"12":1},"f":{"0":1,"1":2,"2":1,"3":1,"4":1,"5":1},"b":{}}
,"/Users/mikka/Documents/Mariia/kanban-task-manager/backend/src/packages/board/board.service.ts": {"path":"/Users/mikka/Documents/Mariia/kanban-task-manager/backend/src/packages/board/board.service.ts","statementMap":{"0":{"start":{"line":1,"column":0},"end":{"line":1,"column":71}},"1":{"start":{"line":3,"column":0},"end":{"line":3,"column":53}},"2":{"start":{"line":14,"column":0},"end":{"line":14,"column":58}},"3":{"start":{"line":16,"column":0},"end":{"line":70,"column":null}},"4":{"start":{"line":19,"column":21},"end":{"line":19,"column":38}},"5":{"start":{"line":20,"column":21},"end":{"line":20,"column":29}},"6":{"start":{"line":26,"column":18},"end":{"line":26,"column":77}},"7":{"start":{"line":27,"column":4},"end":{"line":30,"column":null}},"8":{"start":{"line":28,"column":6},"end":{"line":28,"column":68}},"9":{"start":{"line":29,"column":6},"end":{"line":29,"column":29}},"10":{"start":{"line":31,"column":4},"end":{"line":31,"column":51}},"11":{"start":{"line":35,"column":19},"end":{"line":35,"column":60}},"12":{"start":{"line":36,"column":4},"end":{"line":36,"column":69}},"13":{"start":{"line":37,"column":4},"end":{"line":37,"column":50}},"14":{"start":{"line":37,"column":33},"end":{"line":37,"column":48}},"15":{"start":{"line":43,"column":25},"end":{"line":43,"column":69}},"16":{"start":{"line":44,"column":4},"end":{"line":46,"column":7}},"17":{"start":{"line":47,"column":4},"end":{"line":47,"column":34}},"18":{"start":{"line":54,"column":25},"end":{"line":54,"column":75}},"19":{"start":{"line":55,"column":4},"end":{"line":57,"column":7}},"20":{"start":{"line":58,"column":4},"end":{"line":58,"column":34}},"21":{"start":{"line":64,"column":25},"end":{"line":64,"column":70}},"22":{"start":{"line":65,"column":4},"end":{"line":67,"column":7}},"23":{"start":{"line":68,"column":4},"end":{"line":68,"column":34}},"24":{"start":{"line":17,"column":6},"end":{"line":70,"column":null}},"25":{"start":{"line":72,"column":9},"end":{"line":72,"column":21}}},"fnMap":{"0":{"name":"(anonymous_2)","decl":{"start":{"line":18,"column":2},"end":{"line":18,"column":null}},"loc":{"start":{"line":20,"column":35},"end":{"line":21,"column":6}}},"1":{"name":"(anonymous_3)","decl":{"start":{"line":23,"column":2},"end":{"line":23,"column":7}},"loc":{"start":{"line":24,"column":52},"end":{"line":32,"column":3}}},"2":{"name":"(anonymous_4)","decl":{"start":{"line":34,"column":2},"end":{"line":34,"column":7}},"loc":{"start":{"line":34,"column":18},"end":{"line":38,"column":3}}},"3":{"name":"(anonymous_5)","decl":{"start":{"line":37,"column":22},"end":{"line":37,"column":23}},"loc":{"start":{"line":37,"column":33},"end":{"line":37,"column":48}}},"4":{"name":"(anonymous_6)","decl":{"start":{"line":40,"column":2},"end":{"line":40,"column":7}},"loc":{"start":{"line":41,"column":31},"end":{"line":48,"column":3}}},"5":{"name":"(anonymous_7)","decl":{"start":{"line":50,"column":2},"end":{"line":50,"column":7}},"loc":{"start":{"line":53,"column":3},"end":{"line":59,"column":3}}},"6":{"name":"(anonymous_8)","decl":{"start":{"line":61,"column":2},"end":{"line":61,"column":7}},"loc":{"start":{"line":62,"column":36},"end":{"line":69,"column":3}}}},"branchMap":{"0":{"loc":{"start":{"line":27,"column":4},"end":{"line":30,"column":null}},"type":"if","locations":[{"start":{"line":27,"column":4},"end":{"line":30,"column":null}}]}},"s":{"0":1,"1":1,"2":1,"3":1,"4":1,"5":1,"6":2,"7":2,"8":1,"9":1,"10":1,"11":1,"12":1,"13":1,"14":2,"15":1,"16":1,"17":1,"18":1,"19":1,"20":1,"21":1,"22":1,"23":1,"24":1,"25":1},"f":{"0":1,"1":2,"2":1,"3":2,"4":1,"5":1,"6":1},"b":{"0":[1]}}
,"/Users/mikka/Documents/Mariia/kanban-task-manager/backend/src/packages/board/libs/dto/board-create-request.dto.ts": {"path":"/Users/mikka/Documents/Mariia/kanban-task-manager/backend/src/packages/board/libs/dto/board-create-request.dto.ts","statementMap":{"0":{"start":{"line":4,"column":9},"end":{"line":4,"column":30}}},"fnMap":{},"branchMap":{},"s":{"0":2},"f":{},"b":{}}
,"/Users/mikka/Documents/Mariia/kanban-task-manager/backend/src/packages/board/libs/dto/board-create-response.dto.ts": {"path":"/Users/mikka/Documents/Mariia/kanban-task-manager/backend/src/packages/board/libs/dto/board-create-response.dto.ts","statementMap":{"0":{"start":{"line":1,"column":0},"end":{"line":1,"column":39}},"1":{"start":{"line":5,"column":9},"end":{"line":5,"column":31}}},"fnMap":{},"branchMap":{},"s":{"0":2,"1":2},"f":{},"b":{}}
,"/Users/mikka/Documents/Mariia/kanban-task-manager/backend/src/packages/board/libs/dto/board-delete-response.dto.ts": {"path":"/Users/mikka/Documents/Mariia/kanban-task-manager/backend/src/packages/board/libs/dto/board-delete-response.dto.ts","statementMap":{"0":{"start":{"line":1,"column":0},"end":{"line":1,"column":39}},"1":{"start":{"line":5,"column":9},"end":{"line":5,"column":31}}},"fnMap":{},"branchMap":{},"s":{"0":2,"1":2},"f":{},"b":{}}
,"/Users/mikka/Documents/Mariia/kanban-task-manager/backend/src/packages/board/libs/dto/board-get-all-items-response.dto.ts": {"path":"/Users/mikka/Documents/Mariia/kanban-task-manager/backend/src/packages/board/libs/dto/board-get-all-items-response.dto.ts","statementMap":{"0":{"start":{"line":1,"column":0},"end":{"line":1,"column":79}},"1":{"start":{"line":4,"column":9},"end":{"line":4,"column":36}}},"fnMap":{},"branchMap":{},"s":{"0":2,"1":2},"f":{},"b":{}}
,"/Users/mikka/Documents/Mariia/kanban-task-manager/backend/src/packages/board/libs/dto/board-get-one-item-request.dto.ts": {"path":"/Users/mikka/Documents/Mariia/kanban-task-manager/backend/src/packages/board/libs/dto/board-get-one-item-request.dto.ts","statementMap":{"0":{"start":{"line":4,"column":9},"end":{"line":4,"column":34}}},"fnMap":{},"branchMap":{},"s":{"0":2},"f":{},"b":{}}
,"/Users/mikka/Documents/Mariia/kanban-task-manager/backend/src/packages/board/libs/dto/board-get-one-item-response.dto.ts": {"path":"/Users/mikka/Documents/Mariia/kanban-task-manager/backend/src/packages/board/libs/dto/board-get-one-item-response.dto.ts","statementMap":{"0":{"start":{"line":1,"column":0},"end":{"line":1,"column":39}},"1":{"start":{"line":4,"column":9},"end":{"line":4,"column":35}}},"fnMap":{},"branchMap":{},"s":{"0":2,"1":2},"f":{},"b":{}}
,"/Users/mikka/Documents/Mariia/kanban-task-manager/backend/src/packages/board/libs/dto/board-update-request.dto.ts": {"path":"/Users/mikka/Documents/Mariia/kanban-task-manager/backend/src/packages/board/libs/dto/board-update-request.dto.ts","statementMap":{"0":{"start":{"line":4,"column":9},"end":{"line":4,"column":30}}},"fnMap":{},"branchMap":{},"s":{"0":2},"f":{},"b":{}}
,"/Users/mikka/Documents/Mariia/kanban-task-manager/backend/src/packages/board/libs/dto/board-update-response.dto.ts": {"path":"/Users/mikka/Documents/Mariia/kanban-task-manager/backend/src/packages/board/libs/dto/board-update-response.dto.ts","statementMap":{"0":{"start":{"line":1,"column":0},"end":{"line":1,"column":39}},"1":{"start":{"line":5,"column":9},"end":{"line":5,"column":31}}},"fnMap":{},"branchMap":{},"s":{"0":2,"1":2},"f":{},"b":{}}
,"/Users/mikka/Documents/Mariia/kanban-task-manager/backend/src/packages/board/libs/dto/board.dto.ts": {"path":"/Users/mikka/Documents/Mariia/kanban-task-manager/backend/src/packages/board/libs/dto/board.dto.ts","statementMap":{"0":{"start":{"line":10,"column":9},"end":{"line":10,"column":17}}},"fnMap":{},"branchMap":{},"s":{"0":2},"f":{},"b":{}}
,"/Users/mikka/Documents/Mariia/kanban-task-manager/backend/src/packages/board/libs/dto/dto.ts": {"path":"/Users/mikka/Documents/Mariia/kanban-task-manager/backend/src/packages/board/libs/dto/dto.ts","statementMap":{"0":{"start":{"line":1,"column":0},"end":{"line":1,"column":9}},"1":{"start":{"line":1,"column":9},"end":{"line":1,"column":39}},"2":{"start":{"line":2,"column":0},"end":{"line":2,"column":9}},"3":{"start":{"line":2,"column":9},"end":{"line":2,"column":67}},"4":{"start":{"line":3,"column":0},"end":{"line":3,"column":9}},"5":{"start":{"line":3,"column":9},"end":{"line":3,"column":69}},"6":{"start":{"line":4,"column":0},"end":{"line":4,"column":9}},"7":{"start":{"line":4,"column":9},"end":{"line":4,"column":69}},"8":{"start":{"line":5,"column":0},"end":{"line":5,"column":9}},"9":{"start":{"line":5,"column":9},"end":{"line":5,"column":81}},"10":{"start":{"line":6,"column":0},"end":{"line":6,"column":9}},"11":{"start":{"line":6,"column":9},"end":{"line":6,"column":77}},"12":{"start":{"line":7,"column":0},"end":{"line":7,"column":9}},"13":{"start":{"line":7,"column":9},"end":{"line":7,"column":79}},"14":{"start":{"line":8,"column":0},"end":{"line":8,"column":9}},"15":{"start":{"line":8,"column":9},"end":{"line":8,"column":67}},"16":{"start":{"line":9,"column":0},"end":{"line":9,"column":9}},"17":{"start":{"line":9,"column":9},"end":{"line":9,"column":69}}},"fnMap":{"0":{"name":"(anonymous_0)","decl":{"start":{"line":1,"column":9},"end":{"line":1,"column":17}},"loc":{"start":{"line":1,"column":9},"end":{"line":1,"column":39}}},"1":{"name":"(anonymous_1)","decl":{"start":{"line":2,"column":9},"end":{"line":2,"column":30}},"loc":{"start":{"line":2,"column":9},"end":{"line":2,"column":67}}},"2":{"name":"(anonymous_2)","decl":{"start":{"line":3,"column":9},"end":{"line":3,"column":31}},"loc":{"start":{"line":3,"column":9},"end":{"line":3,"column":69}}},"3":{"name":"(anonymous_3)","decl":{"start":{"line":4,"column":9},"end":{"line":4,"column":31}},"loc":{"start":{"line":4,"column":9},"end":{"line":4,"column":69}}},"4":{"name":"(anonymous_4)","decl":{"start":{"line":5,"column":9},"end":{"line":5,"column":36}},"loc":{"start":{"line":5,"column":9},"end":{"line":5,"column":81}}},"5":{"name":"(anonymous_5)","decl":{"start":{"line":6,"column":9},"end":{"line":6,"column":34}},"loc":{"start":{"line":6,"column":9},"end":{"line":6,"column":77}}},"6":{"name":"(anonymous_6)","decl":{"start":{"line":7,"column":9},"end":{"line":7,"column":35}},"loc":{"start":{"line":7,"column":9},"end":{"line":7,"column":79}}},"7":{"name":"(anonymous_7)","decl":{"start":{"line":8,"column":9},"end":{"line":8,"column":30}},"loc":{"start":{"line":8,"column":9},"end":{"line":8,"column":67}}},"8":{"name":"(anonymous_8)","decl":{"start":{"line":9,"column":9},"end":{"line":9,"column":31}},"loc":{"start":{"line":9,"column":9},"end":{"line":9,"column":69}}}},"branchMap":{},"s":{"0":2,"1":6,"2":2,"3":5,"4":2,"5":4,"6":2,"7":4,"8":2,"9":4,"10":2,"11":4,"12":2,"13":5,"14":2,"15":5,"16":2,"17":4},"f":{"0":4,"1":3,"2":2,"3":2,"4":2,"5":2,"6":3,"7":3,"8":2},"b":{}}
,"/Users/mikka/Documents/Mariia/kanban-task-manager/backend/src/packages/board/libs/helpers/maps/map-to-dto.ts": {"path":"/Users/mikka/Documents/Mariia/kanban-task-manager/backend/src/packages/board/libs/helpers/maps/map-to-dto.ts","statementMap":{"0":{"start":{"line":5,"column":17},"end":{"line":13,"column":1}},"1":{"start":{"line":6,"column":29},"end":{"line":11,"column":4}},"2":{"start":{"line":12,"column":2},"end":{"line":12,"column":18}},"3":{"start":{"line":15,"column":9},"end":{"line":15,"column":17}}},"fnMap":{"0":{"name":"(anonymous_0)","decl":{"start":{"line":5,"column":17},"end":{"line":5,"column":18}},"loc":{"start":{"line":5,"column":44},"end":{"line":13,"column":1}}}},"branchMap":{},"s":{"0":1,"1":6,"2":6,"3":1},"f":{"0":6},"b":{}}
,"/Users/mikka/Documents/Mariia/kanban-task-manager/backend/src/packages/board/libs/helpers/pipes/pipes.ts": {"path":"/Users/mikka/Documents/Mariia/kanban-task-manager/backend/src/packages/board/libs/helpers/pipes/pipes.ts","statementMap":{"0":{"start":{"line":1,"column":0},"end":{"line":1,"column":9}},"1":{"start":{"line":1,"column":9},"end":{"line":1,"column":58}}},"fnMap":{"0":{"name":"(anonymous_0)","decl":{"start":{"line":1,"column":9},"end":{"line":1,"column":26}},"loc":{"start":{"line":1,"column":9},"end":{"line":1,"column":58}}}},"branchMap":{},"s":{"0":1,"1":6},"f":{"0":5},"b":{}}
,"/Users/mikka/Documents/Mariia/kanban-task-manager/backend/src/packages/board/libs/helpers/pipes/zod-validation.pipe.ts": {"path":"/Users/mikka/Documents/Mariia/kanban-task-manager/backend/src/packages/board/libs/helpers/pipes/zod-validation.pipe.ts","statementMap":{"0":{"start":{"line":2,"column":0},"end":{"line":2,"column":65}},"1":{"start":{"line":3,"column":0},"end":{"line":3,"column":39}},"2":{"start":{"line":5,"column":0},"end":{"line":27,"column":null}},"3":{"start":{"line":7,"column":22},"end":{"line":7,"column":30}},"4":{"start":{"line":10,"column":4},"end":{"line":25,"column":null}},"5":{"start":{"line":11,"column":6},"end":{"line":11,"column":31}},"6":{"start":{"line":12,"column":6},"end":{"line":12,"column":19}},"7":{"start":{"line":14,"column":6},"end":{"line":24,"column":null}},"8":{"start":{"line":15,"column":30},"end":{"line":20,"column":10}},"9":{"start":{"line":16,"column":10},"end":{"line":19,"column":12}},"10":{"start":{"line":21,"column":8},"end":{"line":21,"column":53}},"11":{"start":{"line":23,"column":8},"end":{"line":23,"column":20}},"12":{"start":{"line":6,"column":6},"end":{"line":27,"column":null}},"13":{"start":{"line":29,"column":9},"end":{"line":29,"column":26}}},"fnMap":{"0":{"name":"(anonymous_2)","decl":{"start":{"line":7,"column":2},"end":{"line":7,"column":22}},"loc":{"start":{"line":7,"column":36},"end":{"line":7,"column":40}}},"1":{"name":"(anonymous_3)","decl":{"start":{"line":9,"column":2},"end":{"line":9,"column":11}},"loc":{"start":{"line":9,"column":26},"end":{"line":26,"column":3}}},"2":{"name":"(anonymous_4)","decl":{"start":{"line":15,"column":47},"end":{"line":15,"column":48}},"loc":{"start":{"line":15,"column":58},"end":{"line":20,"column":9}}}},"branchMap":{"0":{"loc":{"start":{"line":14,"column":6},"end":{"line":24,"column":null}},"type":"if","locations":[{"start":{"line":14,"column":6},"end":{"line":24,"column":null}},{"start":{"line":22,"column":13},"end":{"line":24,"column":null}}]}},"s":{"0":2,"1":2,"2":2,"3":6,"4":9,"5":9,"6":7,"7":2,"8":1,"9":1,"10":1,"11":1,"12":2,"13":2},"f":{"0":6,"1":9,"2":1},"b":{"0":[1,1]}}
,"/Users/mikka/Documents/Mariia/kanban-task-manager/backend/src/packages/board/libs/validation-schemas/board-create.validation-schema.ts": {"path":"/Users/mikka/Documents/Mariia/kanban-task-manager/backend/src/packages/board/libs/validation-schemas/board-create.validation-schema.ts","statementMap":{"0":{"start":{"line":1,"column":0},"end":{"line":1,"column":24}},"1":{"start":{"line":3,"column":26},"end":{"line":7,"column":13}},"2":{"start":{"line":9,"column":9},"end":{"line":9,"column":26}}},"fnMap":{},"branchMap":{},"s":{"0":1,"1":1,"2":1},"f":{},"b":{}}
,"/Users/mikka/Documents/Mariia/kanban-task-manager/backend/src/packages/board/libs/validation-schemas/board-update.validation-schema.ts": {"path":"/Users/mikka/Documents/Mariia/kanban-task-manager/backend/src/packages/board/libs/validation-schemas/board-update.validation-schema.ts","statementMap":{"0":{"start":{"line":1,"column":0},"end":{"line":1,"column":24}},"1":{"start":{"line":3,"column":30},"end":{"line":5,"column":2}},"2":{"start":{"line":7,"column":9},"end":{"line":7,"column":30}}},"fnMap":{},"branchMap":{},"s":{"0":1,"1":1,"2":1},"f":{},"b":{}}
,"/Users/mikka/Documents/Mariia/kanban-task-manager/backend/src/packages/board/libs/validation-schemas/board-validate-parameters.validation-schema.ts": {"path":"/Users/mikka/Documents/Mariia/kanban-task-manager/backend/src/packages/board/libs/validation-schemas/board-validate-parameters.validation-schema.ts","statementMap":{"0":{"start":{"line":1,"column":0},"end":{"line":1,"column":24}},"1":{"start":{"line":3,"column":38},"end":{"line":3,"column":65}},"2":{"start":{"line":5,"column":9},"end":{"line":5,"column":38}}},"fnMap":{},"branchMap":{},"s":{"0":1,"1":1,"2":1},"f":{},"b":{}}
,"/Users/mikka/Documents/Mariia/kanban-task-manager/backend/src/packages/board/libs/validation-schemas/validation-schemas.ts": {"path":"/Users/mikka/Documents/Mariia/kanban-task-manager/backend/src/packages/board/libs/validation-schemas/validation-schemas.ts","statementMap":{"0":{"start":{"line":1,"column":0},"end":{"line":1,"column":9}},"1":{"start":{"line":1,"column":9},"end":{"line":1,"column":69}},"2":{"start":{"line":2,"column":0},"end":{"line":2,"column":9}},"3":{"start":{"line":2,"column":9},"end":{"line":2,"column":73}},"4":{"start":{"line":3,"column":0},"end":{"line":3,"column":9}},"5":{"start":{"line":3,"column":9},"end":{"line":3,"column":94}}},"fnMap":{"0":{"name":"(anonymous_0)","decl":{"start":{"line":1,"column":9},"end":{"line":1,"column":26}},"loc":{"start":{"line":1,"column":9},"end":{"line":1,"column":69}}},"1":{"name":"(anonymous_1)","decl":{"start":{"line":2,"column":9},"end":{"line":2,"column":30}},"loc":{"start":{"line":2,"column":9},"end":{"line":2,"column":73}}},"2":{"name":"(anonymous_2)","decl":{"start":{"line":3,"column":9},"end":{"line":3,"column":38}},"loc":{"start":{"line":3,"column":9},"end":{"line":3,"column":94}}}},"branchMap":{},"s":{"0":1,"1":2,"2":1,"3":2,"4":1,"5":4},"f":{"0":1,"1":1,"2":3},"b":{}}
,"/Users/mikka/Documents/Mariia/kanban-task-manager/backend/src/packages/prisma/prisma.module.ts": {"path":"/Users/mikka/Documents/Mariia/kanban-task-manager/backend/src/packages/prisma/prisma.module.ts","statementMap":{"0":{"start":{"line":1,"column":0},"end":{"line":1,"column":40}},"1":{"start":{"line":3,"column":0},"end":{"line":3,"column":49}},"2":{"start":{"line":9,"column":0},"end":{"line":9,"column":null}},"3":{"start":{"line":9,"column":13},"end":{"line":9,"column":null}},"4":{"start":{"line":9,"column":13},"end":{"line":9,"column":25}}},"fnMap":{},"branchMap":{},"s":{"0":1,"1":1,"2":1,"3":1,"4":1},"f":{},"b":{}}
,"/Users/mikka/Documents/Mariia/kanban-task-manager/backend/src/packages/prisma/prisma.service.ts": {"path":"/Users/mikka/Documents/Mariia/kanban-task-manager/backend/src/packages/prisma/prisma.service.ts","statementMap":{"0":{"start":{"line":2,"column":0},"end":{"line":2,"column":44}},"1":{"start":{"line":3,"column":0},"end":{"line":3,"column":46}},"2":{"start":{"line":6,"column":0},"end":{"line":16,"column":null}},"3":{"start":{"line":8,"column":4},"end":{"line":8,"column":26}},"4":{"start":{"line":12,"column":4},"end":{"line":14,"column":7}},"5":{"start":{"line":13,"column":6},"end":{"line":13,"column":24}},"6":{"start":{"line":6,"column":6},"end":{"line":16,"column":null}},"7":{"start":{"line":18,"column":9},"end":{"line":18,"column":22}}},"fnMap":{"0":{"name":"(anonymous_1)","decl":{"start":{"line":7,"column":2},"end":{"line":7,"column":7}},"loc":{"start":{"line":7,"column":20},"end":{"line":9,"column":3}}},"1":{"name":"(anonymous_2)","decl":{"start":{"line":11,"column":2},"end":{"line":11,"column":7}},"loc":{"start":{"line":11,"column":49},"end":{"line":15,"column":3}}},"2":{"name":"(anonymous_3)","decl":{"start":{"line":12,"column":27},"end":{"line":12,"column":32}},"loc":{"start":{"line":12,"column":38},"end":{"line":14,"column":5}}}},"branchMap":{},"s":{"0":2,"1":2,"2":2,"3":3,"4":1,"5":1,"6":2,"7":2},"f":{"0":3,"1":1,"2":1},"b":{}}
}
