TN:
SF:src/packages/board/board.controller.ts
FN:30,(anonymous_4)
FN:33,(anonymous_5)
FN:38,(anonymous_6)
FN:50,(anonymous_7)
FN:60,(anonymous_8)
FN:77,(anonymous_9)
FNF:6
FNH:6
FNDA:1,(anonymous_4)
FNDA:1,(anonymous_5)
FNDA:2,(anonymous_6)
FNDA:1,(anonymous_7)
FNDA:1,(anonymous_8)
FNDA:1,(anonymous_9)
DA:1,1
DA:12,1
DA:20,1
DA:21,1
DA:22,1
DA:28,1
DA:29,1
DA:30,1
DA:33,1
DA:34,1
DA:38,1
DA:46,2
DA:50,1
DA:54,1
DA:60,1
DA:70,1
DA:77,1
DA:85,1
DA:89,1
LF:19
LH:19
BRF:0
BRH:0
end_of_record
TN:
SF:src/packages/board/board.module.ts
FNF:0
FNH:0
DA:1,1
DA:3,1
DA:4,1
DA:5,1
DA:6,1
DA:14,1
LF:6
LH:6
BRF:0
BRH:0
end_of_record
TN:
SF:src/packages/board/board.repository.ts
FN:8,(anonymous_2)
FN:10,(anonymous_3)
FN:18,(anonymous_4)
FN:35,(anonymous_5)
FN:41,(anonymous_6)
FN:52,(anonymous_7)
FNF:6
FNH:6
FNDA:1,(anonymous_2)
FNDA:2,(anonymous_3)
FNDA:1,(anonymous_4)
FNDA:1,(anonymous_5)
FNDA:1,(anonymous_6)
FNDA:1,(anonymous_7)
DA:1,1
DA:4,1
DA:6,1
DA:7,1
DA:8,1
DA:13,2
DA:25,1
DA:26,1
DA:36,1
DA:45,1
DA:46,1
DA:53,1
DA:59,1
LF:13
LH:13
BRF:0
BRH:0
end_of_record
TN:
SF:src/packages/board/board.service.ts
FN:18,(anonymous_2)
FN:23,(anonymous_3)
FN:34,(anonymous_4)
FN:37,(anonymous_5)
FN:40,(anonymous_6)
FN:50,(anonymous_7)
FN:61,(anonymous_8)
FNF:7
FNH:7
FNDA:1,(anonymous_2)
FNDA:2,(anonymous_3)
FNDA:1,(anonymous_4)
FNDA:2,(anonymous_5)
FNDA:1,(anonymous_6)
FNDA:1,(anonymous_7)
FNDA:1,(anonymous_8)
DA:1,1
DA:3,1
DA:14,1
DA:16,1
DA:17,1
DA:19,1
DA:20,1
DA:26,2
DA:27,2
DA:28,1
DA:29,1
DA:31,1
DA:35,1
DA:36,1
DA:37,2
DA:43,1
DA:44,1
DA:47,1
DA:54,1
DA:55,1
DA:58,1
DA:64,1
DA:65,1
DA:68,1
DA:72,1
LF:25
LH:25
BRDA:27,0,0,1
BRF:1
BRH:1
end_of_record
TN:
SF:src/packages/board/libs/dto/board-create-request.dto.ts
FNF:0
FNH:0
DA:4,2
LF:1
LH:1
BRF:0
BRH:0
end_of_record
TN:
SF:src/packages/board/libs/dto/board-create-response.dto.ts
FNF:0
FNH:0
DA:1,2
DA:5,2
LF:2
LH:2
BRF:0
BRH:0
end_of_record
TN:
SF:src/packages/board/libs/dto/board-delete-response.dto.ts
FNF:0
FNH:0
DA:1,2
DA:5,2
LF:2
LH:2
BRF:0
BRH:0
end_of_record
TN:
SF:src/packages/board/libs/dto/board-get-all-items-response.dto.ts
FNF:0
FNH:0
DA:1,2
DA:4,2
LF:2
LH:2
BRF:0
BRH:0
end_of_record
TN:
SF:src/packages/board/libs/dto/board-get-one-item-request.dto.ts
FNF:0
FNH:0
DA:4,2
LF:1
LH:1
BRF:0
BRH:0
end_of_record
TN:
SF:src/packages/board/libs/dto/board-get-one-item-response.dto.ts
FNF:0
FNH:0
DA:1,2
DA:4,2
LF:2
LH:2
BRF:0
BRH:0
end_of_record
TN:
SF:src/packages/board/libs/dto/board-update-request.dto.ts
FNF:0
FNH:0
DA:4,2
LF:1
LH:1
BRF:0
BRH:0
end_of_record
TN:
SF:src/packages/board/libs/dto/board-update-response.dto.ts
FNF:0
FNH:0
DA:1,2
DA:5,2
LF:2
LH:2
BRF:0
BRH:0
end_of_record
TN:
SF:src/packages/board/libs/dto/board.dto.ts
FNF:0
FNH:0
DA:10,2
LF:1
LH:1
BRF:0
BRH:0
end_of_record
TN:
SF:src/packages/board/libs/dto/dto.ts
FN:1,(anonymous_0)
FN:2,(anonymous_1)
FN:3,(anonymous_2)
FN:4,(anonymous_3)
FN:5,(anonymous_4)
FN:6,(anonymous_5)
FN:7,(anonymous_6)
FN:8,(anonymous_7)
FN:9,(anonymous_8)
FNF:9
FNH:9
FNDA:4,(anonymous_0)
FNDA:3,(anonymous_1)
FNDA:2,(anonymous_2)
FNDA:2,(anonymous_3)
FNDA:2,(anonymous_4)
FNDA:2,(anonymous_5)
FNDA:3,(anonymous_6)
FNDA:3,(anonymous_7)
FNDA:2,(anonymous_8)
DA:1,6
DA:2,5
DA:3,4
DA:4,4
DA:5,4
DA:6,4
DA:7,5
DA:8,5
DA:9,4
LF:9
LH:9
BRF:0
BRH:0
end_of_record
TN:
SF:src/packages/board/libs/helpers/maps/map-to-dto.ts
FN:5,(anonymous_0)
FNF:1
FNH:1
FNDA:6,(anonymous_0)
DA:5,1
DA:6,6
DA:12,6
DA:15,1
LF:4
LH:4
BRF:0
BRH:0
end_of_record
TN:
SF:src/packages/board/libs/helpers/pipes/pipes.ts
FN:1,(anonymous_0)
FNF:1
FNH:1
FNDA:5,(anonymous_0)
DA:1,6
LF:1
LH:1
BRF:0
BRH:0
end_of_record
TN:
SF:src/packages/board/libs/helpers/pipes/zod-validation.pipe.ts
FN:7,(anonymous_2)
FN:9,(anonymous_3)
FN:15,(anonymous_4)
FNF:3
FNH:3
FNDA:6,(anonymous_2)
FNDA:9,(anonymous_3)
FNDA:1,(anonymous_4)
DA:2,2
DA:3,2
DA:5,2
DA:6,2
DA:7,6
DA:10,9
DA:11,9
DA:12,7
DA:14,2
DA:15,1
DA:16,1
DA:21,1
DA:23,1
DA:29,2
LF:14
LH:14
BRDA:14,0,0,1
BRDA:14,0,1,1
BRF:2
BRH:2
end_of_record
TN:
SF:src/packages/board/libs/validation-schemas/board-create.validation-schema.ts
FNF:0
FNH:0
DA:1,1
DA:3,1
DA:9,1
LF:3
LH:3
BRF:0
BRH:0
end_of_record
TN:
SF:src/packages/board/libs/validation-schemas/board-update.validation-schema.ts
FNF:0
FNH:0
DA:1,1
DA:3,1
DA:7,1
LF:3
LH:3
BRF:0
BRH:0
end_of_record
TN:
SF:src/packages/board/libs/validation-schemas/board-validate-parameters.validation-schema.ts
FNF:0
FNH:0
DA:1,1
DA:3,1
DA:5,1
LF:3
LH:3
BRF:0
BRH:0
end_of_record
TN:
SF:src/packages/board/libs/validation-schemas/validation-schemas.ts
FN:1,(anonymous_0)
FN:2,(anonymous_1)
FN:3,(anonymous_2)
FNF:3
FNH:3
FNDA:1,(anonymous_0)
FNDA:1,(anonymous_1)
FNDA:3,(anonymous_2)
DA:1,2
DA:2,2
DA:3,4
LF:3
LH:3
BRF:0
BRH:0
end_of_record
TN:
SF:src/packages/prisma/prisma.module.ts
FNF:0
FNH:0
DA:1,1
DA:3,1
DA:9,1
LF:3
LH:3
BRF:0
BRH:0
end_of_record
TN:
SF:src/packages/prisma/prisma.service.ts
FN:7,(anonymous_1)
FN:11,(anonymous_2)
FN:12,(anonymous_3)
FNF:3
FNH:3
FNDA:3,(anonymous_1)
FNDA:1,(anonymous_2)
FNDA:1,(anonymous_3)
DA:2,2
DA:3,2
DA:6,2
DA:8,3
DA:12,1
DA:13,1
DA:18,2
LF:7
LH:7
BRF:0
BRH:0
end_of_record
